This file contains any messages produced by compilers while
running configure, to aid debugging if configure makes a mistake.

It was created by popc configure 1.3, which was
generated by GNU Autoconf 2.64.  Invocation command line was

  $ ./configure --prefix=/home/clementval/popc --no-create --no-recursion

## --------- ##
## Platform. ##
## --------- ##

hostname = pasokonclement
uname -m = i686
uname -r = 2.6.31-21-generic
uname -s = Linux
uname -v = #59-Ubuntu SMP Wed Mar 24 07:28:56 UTC 2010

/usr/bin/uname -p = unknown
/bin/uname -X     = unknown

/bin/arch              = unknown
/usr/bin/arch -k       = unknown
/usr/convex/getsysinfo = unknown
/usr/bin/hostinfo      = unknown
/bin/machine           = unknown
/usr/bin/oslevel       = unknown
/bin/universe          = unknown

PATH: /usr/local/sbin
PATH: /usr/local/bin
PATH: /usr/sbin
PATH: /usr/bin
PATH: /sbin
PATH: /bin
PATH: /usr/games
PATH: /home/clementval/popc/bin
PATH: /home/clementval/popc/sbin


## ----------- ##
## Core tests. ##
## ----------- ##

configure:2442: checking for a BSD-compatible install
configure:2510: result: /usr/bin/install -c
configure:2521: checking whether build environment is sane
configure:2571: result: yes
configure:2712: checking for a thread-safe mkdir -p
configure:2751: result: /bin/mkdir -p
configure:2764: checking for gawk
configure:2794: result: no
configure:2764: checking for mawk
configure:2780: found /usr/bin/mawk
configure:2791: result: mawk
configure:2802: checking whether make sets $(MAKE)
configure:2824: result: yes
configure:2909: checking build system type
configure:2923: result: i686-pc-linux-gnu
configure:2943: checking host system type
configure:2956: result: i686-pc-linux-gnu
configure:3070: checking for bison
configure:3086: found /usr/bin/bison
configure:3097: result: bison -y
configure:3167: checking for g++
configure:3183: found /usr/bin/g++
configure:3194: result: g++
configure:3221: checking for C++ compiler version
configure:3230: g++ --version >&5
g++ (Ubuntu 4.4.1-4ubuntu9) 4.4.1
Copyright (C) 2009 Free Software Foundation, Inc.
This is free software; see the source for copying conditions.  There is NO
warranty; not even for MERCHANTABILITY or FITNESS FOR A PARTICULAR PURPOSE.

configure:3241: $? = 0
configure:3230: g++ -v >&5
Using built-in specs.
Target: i486-linux-gnu
Configured with: ../src/configure -v --with-pkgversion='Ubuntu 4.4.1-4ubuntu9' --with-bugurl=file:///usr/share/doc/gcc-4.4/README.Bugs --enable-languages=c,c++,fortran,objc,obj-c++ --prefix=/usr --enable-shared --enable-multiarch --enable-linker-build-id --with-system-zlib --libexecdir=/usr/lib --without-included-gettext --enable-threads=posix --with-gxx-include-dir=/usr/include/c++/4.4 --program-suffix=-4.4 --enable-nls --enable-clocale=gnu --enable-libstdcxx-debug --enable-objc-gc --enable-targets=all --disable-werror --with-arch-32=i486 --with-tune=generic --enable-checking=release --build=i486-linux-gnu --host=i486-linux-gnu --target=i486-linux-gnu
Thread model: posix
gcc version 4.4.1 (Ubuntu 4.4.1-4ubuntu9) 
configure:3241: $? = 0
configure:3230: g++ -V >&5
g++: '-V' option must have argument
configure:3241: $? = 1
configure:3230: g++ -qversion >&5
g++: unrecognized option '-qversion'
g++: no input files
configure:3241: $? = 1
configure:3263: checking for C++ compiler default output file name
configure:3285: g++    conftest.cpp  >&5
configure:3289: $? = 0
configure:3326: result: a.out
configure:3342: checking whether the C++ compiler works
configure:3351: ./a.out
configure:3355: $? = 0
configure:3370: result: yes
configure:3377: checking whether we are cross compiling
configure:3379: result: no
configure:3382: checking for suffix of executables
configure:3389: g++ -o conftest    conftest.cpp  >&5
configure:3393: $? = 0
configure:3415: result: 
configure:3421: checking for suffix of object files
configure:3443: g++ -c   conftest.cpp >&5
configure:3447: $? = 0
configure:3468: result: o
configure:3472: checking whether we are using the GNU C++ compiler
configure:3491: g++ -c   conftest.cpp >&5
configure:3491: $? = 0
configure:3500: result: yes
configure:3509: checking whether g++ accepts -g
configure:3529: g++ -c -g  conftest.cpp >&5
configure:3529: $? = 0
configure:3570: result: yes
configure:3599: checking how to run the C++ preprocessor
configure:3626: g++ -E  conftest.cpp
configure:3626: $? = 0
configure:3640: g++ -E  conftest.cpp
conftest.cpp:11:28: error: ac_nonexistent.h: No such file or directory
configure:3640: $? = 1
configure: failed program was:
| /* confdefs.h */
| #define PACKAGE_NAME "popc"
| #define PACKAGE_TARNAME "popc"
| #define PACKAGE_VERSION "1.3"
| #define PACKAGE_STRING "popc 1.3"
| #define PACKAGE_BUGREPORT ""
| #define PACKAGE_URL ""
| #define PACKAGE "popc"
| #define VERSION "1.3"
| /* end confdefs.h.  */
| #include <ac_nonexistent.h>
configure:3665: result: g++ -E
configure:3685: g++ -E  conftest.cpp
configure:3685: $? = 0
configure:3699: g++ -E  conftest.cpp
conftest.cpp:11:28: error: ac_nonexistent.h: No such file or directory
configure:3699: $? = 1
configure: failed program was:
| /* confdefs.h */
| #define PACKAGE_NAME "popc"
| #define PACKAGE_TARNAME "popc"
| #define PACKAGE_VERSION "1.3"
| #define PACKAGE_STRING "popc 1.3"
| #define PACKAGE_BUGREPORT ""
| #define PACKAGE_URL ""
| #define PACKAGE "popc"
| #define VERSION "1.3"
| /* end confdefs.h.  */
| #include <ac_nonexistent.h>
configure:3732: checking for flex
configure:3762: result: no
configure:3732: checking for lex
configure:3762: result: no
configure:3929: checking for ranlib
configure:3945: found /usr/bin/ranlib
configure:3956: result: ranlib
configure:4051: checking for gcc
configure:4067: found /usr/bin/gcc
configure:4078: result: gcc
configure:4307: checking for C compiler version
configure:4316: gcc --version >&5
gcc (Ubuntu 4.4.1-4ubuntu9) 4.4.1
Copyright (C) 2009 Free Software Foundation, Inc.
This is free software; see the source for copying conditions.  There is NO
warranty; not even for MERCHANTABILITY or FITNESS FOR A PARTICULAR PURPOSE.

configure:4327: $? = 0
configure:4316: gcc -v >&5
Using built-in specs.
Target: i486-linux-gnu
Configured with: ../src/configure -v --with-pkgversion='Ubuntu 4.4.1-4ubuntu9' --with-bugurl=file:///usr/share/doc/gcc-4.4/README.Bugs --enable-languages=c,c++,fortran,objc,obj-c++ --prefix=/usr --enable-shared --enable-multiarch --enable-linker-build-id --with-system-zlib --libexecdir=/usr/lib --without-included-gettext --enable-threads=posix --with-gxx-include-dir=/usr/include/c++/4.4 --program-suffix=-4.4 --enable-nls --enable-clocale=gnu --enable-libstdcxx-debug --enable-objc-gc --enable-targets=all --disable-werror --with-arch-32=i486 --with-tune=generic --enable-checking=release --build=i486-linux-gnu --host=i486-linux-gnu --target=i486-linux-gnu
Thread model: posix
gcc version 4.4.1 (Ubuntu 4.4.1-4ubuntu9) 
configure:4327: $? = 0
configure:4316: gcc -V >&5
gcc: '-V' option must have argument
configure:4327: $? = 1
configure:4316: gcc -qversion >&5
gcc: unrecognized option '-qversion'
gcc: no input files
configure:4327: $? = 1
configure:4331: checking whether we are using the GNU C compiler
configure:4350: gcc -c   conftest.c >&5
configure:4350: $? = 0
configure:4359: result: yes
configure:4368: checking whether gcc accepts -g
configure:4388: gcc -c -g  conftest.c >&5
configure:4388: $? = 0
configure:4429: result: yes
configure:4446: checking for gcc option to accept ISO C89
configure:4510: gcc  -c -g -O2  conftest.c >&5
configure:4510: $? = 0
configure:4523: result: none needed
configure:4543: checking for a sed that does not truncate output
configure:4607: result: /bin/sed
configure:4625: checking for grep that handles long lines and -e
configure:4683: result: /bin/grep
configure:4688: checking for egrep
configure:4750: result: /bin/grep -E
configure:4755: checking for fgrep
configure:4817: result: /bin/grep -F
configure:4852: checking for ld used by gcc
configure:4919: result: /usr/bin/ld
configure:4926: checking if the linker (/usr/bin/ld) is GNU ld
configure:4941: result: yes
configure:4953: checking for BSD- or MS-compatible name lister (nm)
configure:5002: result: /usr/bin/nm -B
configure:5120: checking the name lister (/usr/bin/nm -B) interface
configure:5127: g++ -c -g -O2  conftest.cpp >&5
configure:5130: /usr/bin/nm -B "conftest.o"
configure:5133: output
00000000 B some_variable
configure:5140: result: BSD nm
configure:5143: checking whether ln -s works
configure:5147: result: yes
configure:5155: checking the maximum length of command line arguments
configure:5275: result: 805306365
configure:5292: checking whether the shell understands some XSI constructs
configure:5302: result: yes
configure:5306: checking whether the shell understands "+="
configure:5312: result: yes
configure:5347: checking for /usr/bin/ld option to reload object files
configure:5354: result: -r
configure:5423: checking for objdump
configure:5439: found /usr/bin/objdump
configure:5450: result: objdump
configure:5482: checking how to recognize dependent libraries
configure:5678: result: pass_all
configure:5738: checking for ar
configure:5754: found /usr/bin/ar
configure:5765: result: ar
configure:5843: checking for strip
configure:5859: found /usr/bin/strip
configure:5870: result: strip
configure:5942: checking for ranlib
configure:5969: result: ranlib
configure:6059: checking command to parse /usr/bin/nm -B output from gcc object
configure:6177: g++ -c -g -O2  conftest.cpp >&5
configure:6180: $? = 0
configure:6184: /usr/bin/nm -B conftest.o \| sed -n -e 's/^.*[	 ]\([ABCDGIRSTW][ABCDGIRSTW]*\)[	 ][	 ]*\([_A-Za-z][_A-Za-z0-9]*\)$/\1 \2 \2/p' \> conftest.nm
configure:6187: $? = 0
configure:6241: g++ -o conftest -g -O2   conftest.cpp conftstm.o >&5
configure:6244: $? = 0
configure:6282: result: ok
configure:7091: checking how to run the C preprocessor
configure:7122: gcc -E  conftest.c
configure:7122: $? = 0
configure:7136: gcc -E  conftest.c
conftest.c:11:28: error: ac_nonexistent.h: No such file or directory
configure:7136: $? = 1
configure: failed program was:
| /* confdefs.h */
| #define PACKAGE_NAME "popc"
| #define PACKAGE_TARNAME "popc"
| #define PACKAGE_VERSION "1.3"
| #define PACKAGE_STRING "popc 1.3"
| #define PACKAGE_BUGREPORT ""
| #define PACKAGE_URL ""
| #define PACKAGE "popc"
| #define VERSION "1.3"
| /* end confdefs.h.  */
| #include <ac_nonexistent.h>
configure:7161: result: gcc -E
configure:7181: gcc -E  conftest.c
configure:7181: $? = 0
configure:7195: gcc -E  conftest.c
conftest.c:11:28: error: ac_nonexistent.h: No such file or directory
configure:7195: $? = 1
configure: failed program was:
| /* confdefs.h */
| #define PACKAGE_NAME "popc"
| #define PACKAGE_TARNAME "popc"
| #define PACKAGE_VERSION "1.3"
| #define PACKAGE_STRING "popc 1.3"
| #define PACKAGE_BUGREPORT ""
| #define PACKAGE_URL ""
| #define PACKAGE "popc"
| #define VERSION "1.3"
| /* end confdefs.h.  */
| #include <ac_nonexistent.h>
configure:7224: checking for ANSI C header files
configure:7244: gcc -c -g -O2  conftest.c >&5
configure:7244: $? = 0
configure:7317: gcc -o conftest -g -O2   conftest.c  >&5
configure:7317: $? = 0
configure:7317: ./conftest
configure:7317: $? = 0
configure:7328: result: yes
configure:7341: checking for sys/types.h
configure:7341: gcc -c -g -O2  conftest.c >&5
configure:7341: $? = 0
configure:7341: result: yes
configure:7341: checking for sys/stat.h
configure:7341: gcc -c -g -O2  conftest.c >&5
configure:7341: $? = 0
configure:7341: result: yes
configure:7341: checking for stdlib.h
configure:7341: gcc -c -g -O2  conftest.c >&5
configure:7341: $? = 0
configure:7341: result: yes
configure:7341: checking for string.h
configure:7341: gcc -c -g -O2  conftest.c >&5
configure:7341: $? = 0
configure:7341: result: yes
configure:7341: checking for memory.h
configure:7341: gcc -c -g -O2  conftest.c >&5
configure:7341: $? = 0
configure:7341: result: yes
configure:7341: checking for strings.h
configure:7341: gcc -c -g -O2  conftest.c >&5
configure:7341: $? = 0
configure:7341: result: yes
configure:7341: checking for inttypes.h
configure:7341: gcc -c -g -O2  conftest.c >&5
configure:7341: $? = 0
configure:7341: result: yes
configure:7341: checking for stdint.h
configure:7341: gcc -c -g -O2  conftest.c >&5
configure:7341: $? = 0
configure:7341: result: yes
configure:7341: checking for unistd.h
configure:7341: gcc -c -g -O2  conftest.c >&5
configure:7341: $? = 0
configure:7341: result: yes
configure:7356: checking for dlfcn.h
configure:7356: gcc -c -g -O2  conftest.c >&5
configure:7356: $? = 0
configure:7356: result: yes
configure:7481: checking for C++ compiler version
configure:7490: g++ --version >&5
g++ (Ubuntu 4.4.1-4ubuntu9) 4.4.1
Copyright (C) 2009 Free Software Foundation, Inc.
This is free software; see the source for copying conditions.  There is NO
warranty; not even for MERCHANTABILITY or FITNESS FOR A PARTICULAR PURPOSE.

configure:7501: $? = 0
configure:7490: g++ -v >&5
Using built-in specs.
Target: i486-linux-gnu
Configured with: ../src/configure -v --with-pkgversion='Ubuntu 4.4.1-4ubuntu9' --with-bugurl=file:///usr/share/doc/gcc-4.4/README.Bugs --enable-languages=c,c++,fortran,objc,obj-c++ --prefix=/usr --enable-shared --enable-multiarch --enable-linker-build-id --with-system-zlib --libexecdir=/usr/lib --without-included-gettext --enable-threads=posix --with-gxx-include-dir=/usr/include/c++/4.4 --program-suffix=-4.4 --enable-nls --enable-clocale=gnu --enable-libstdcxx-debug --enable-objc-gc --enable-targets=all --disable-werror --with-arch-32=i486 --with-tune=generic --enable-checking=release --build=i486-linux-gnu --host=i486-linux-gnu --target=i486-linux-gnu
Thread model: posix
gcc version 4.4.1 (Ubuntu 4.4.1-4ubuntu9) 
configure:7501: $? = 0
configure:7490: g++ -V >&5
g++: '-V' option must have argument
configure:7501: $? = 1
configure:7490: g++ -qversion >&5
g++: unrecognized option '-qversion'
g++: no input files
configure:7501: $? = 1
configure:7505: checking whether we are using the GNU C++ compiler
configure:7533: result: yes
configure:7542: checking whether g++ accepts -g
configure:7603: result: yes
configure:7634: checking how to run the C++ preprocessor
configure:7700: result: g++ -E
configure:7720: g++ -E  conftest.cpp
configure:7720: $? = 0
configure:7734: g++ -E  conftest.cpp
conftest.cpp:22:28: error: ac_nonexistent.h: No such file or directory
configure:7734: $? = 1
configure: failed program was:
| /* confdefs.h */
| #define PACKAGE_NAME "popc"
| #define PACKAGE_TARNAME "popc"
| #define PACKAGE_VERSION "1.3"
| #define PACKAGE_STRING "popc 1.3"
| #define PACKAGE_BUGREPORT ""
| #define PACKAGE_URL ""
| #define PACKAGE "popc"
| #define VERSION "1.3"
| #define STDC_HEADERS 1
| #define HAVE_SYS_TYPES_H 1
| #define HAVE_SYS_STAT_H 1
| #define HAVE_STDLIB_H 1
| #define HAVE_STRING_H 1
| #define HAVE_MEMORY_H 1
| #define HAVE_STRINGS_H 1
| #define HAVE_INTTYPES_H 1
| #define HAVE_STDINT_H 1
| #define HAVE_UNISTD_H 1
| #define HAVE_DLFCN_H 1
| /* end confdefs.h.  */
| #include <ac_nonexistent.h>
configure:7939: checking for objdir
configure:7954: result: .libs
configure:8246: checking if gcc supports -fno-rtti -fno-exceptions
configure:8264: gcc -c -g -O2  -fno-rtti -fno-exceptions conftest.c >&5
cc1: warning: command line option "-fno-rtti" is valid for C++/ObjC++ but not for C
configure:8268: $? = 0
configure:8281: result: no
configure:8301: checking for gcc option to produce PIC
configure:8573: result: -fPIC -DPIC
configure:8585: checking if gcc PIC flag -fPIC -DPIC works
configure:8603: gcc -c -g -O2  -fPIC -DPIC -DPIC conftest.c >&5
configure:8607: $? = 0
configure:8620: result: yes
configure:8644: checking if gcc static flag -static works
configure:8672: result: yes
configure:8687: checking if gcc supports -c -o file.o
configure:8708: gcc -c -g -O2  -o out/conftest2.o conftest.c >&5
configure:8712: $? = 0
configure:8734: result: yes
configure:8742: checking if gcc supports -c -o file.o
configure:8789: result: yes
configure:8822: checking whether the gcc linker (/usr/bin/ld) supports shared libraries
configure:9812: result: yes
configure:9849: checking whether -lc should be explicitly linked in
configure:9854: gcc -c -g -O2  conftest.c >&5
configure:9857: $? = 0
configure:9872: gcc -shared conftest.o  -v -Wl,-soname -Wl,conftest -o conftest 2\>\&1 \| /bin/grep  -lc  \>/dev/null 2\>\&1
configure:9875: $? = 0
configure:9887: result: no
configure:10051: checking dynamic linker characteristics
configure:10484: gcc -o conftest -g -O2   -Wl,-rpath -Wl,/foo conftest.c  >&5
configure:10484: $? = 0
configure:10714: result: GNU/Linux ld.so
configure:10816: checking how to hardcode library paths into programs
configure:10841: result: immediate
configure:11361: checking whether stripping libraries is possible
configure:11366: result: yes
configure:11401: checking if libtool supports shared libraries
configure:11403: result: yes
configure:11406: checking whether to build shared libraries
configure:11427: result: yes
configure:11430: checking whether to build static libraries
configure:11434: result: yes
configure:11584: checking for ld used by g++
configure:11651: result: /usr/bin/ld
configure:11658: checking if the linker (/usr/bin/ld) is GNU ld
configure:11673: result: yes
configure:11728: checking whether the g++ linker (/usr/bin/ld) supports shared libraries
configure:12641: result: yes
configure:12669: g++ -c -g -O2  conftest.cpp >&5
configure:12672: $? = 0
configure:12854: checking for g++ option to produce PIC
configure:13171: result: -fPIC -DPIC
configure:13180: checking if g++ PIC flag -fPIC -DPIC works
configure:13198: g++ -c -g -O2  -fPIC -DPIC -DPIC conftest.cpp >&5
configure:13202: $? = 0
configure:13215: result: yes
configure:13236: checking if g++ static flag -static works
configure:13264: result: yes
configure:13276: checking if g++ supports -c -o file.o
configure:13297: g++ -c -g -O2  -o out/conftest2.o conftest.cpp >&5
configure:13301: $? = 0
configure:13323: result: yes
configure:13328: checking if g++ supports -c -o file.o
configure:13375: result: yes
configure:13405: checking whether the g++ linker (/usr/bin/ld) supports shared libraries
configure:13434: result: yes
configure:13571: checking dynamic linker characteristics
configure:13952: g++ -o conftest -g -O2   -Wl,-rpath -Wl,/foo conftest.cpp  >&5
configure:13952: $? = 0
configure:14182: result: GNU/Linux ld.so
configure:14233: checking how to hardcode library paths into programs
configure:14258: result: immediate
configure:14318: checking for pthread_create in -lpthread
configure:14343: g++ -o conftest -g -O2   conftest.cpp -lpthread   >&5
configure:14343: $? = 0
configure:14352: result: yes
configure:14363: checking for gethostbyname in -lnsl
configure:14388: g++ -o conftest -g -O2   conftest.cpp -lnsl  -lpthread  >&5
configure:14388: $? = 0
configure:14397: result: yes
configure:14408: checking for socket in -lsocket
configure:14433: g++ -o conftest -g -O2   conftest.cpp -lsocket  -lnsl -lpthread  >&5
/usr/bin/ld: cannot find -lsocket
collect2: ld returned 1 exit status
configure:14433: $? = 1
configure: failed program was:
| /* confdefs.h */
| #define PACKAGE_NAME "popc"
| #define PACKAGE_TARNAME "popc"
| #define PACKAGE_VERSION "1.3"
| #define PACKAGE_STRING "popc 1.3"
| #define PACKAGE_BUGREPORT ""
| #define PACKAGE_URL ""
| #define PACKAGE "popc"
| #define VERSION "1.3"
| #define STDC_HEADERS 1
| #define HAVE_SYS_TYPES_H 1
| #define HAVE_SYS_STAT_H 1
| #define HAVE_STDLIB_H 1
| #define HAVE_STRING_H 1
| #define HAVE_MEMORY_H 1
| #define HAVE_STRINGS_H 1
| #define HAVE_INTTYPES_H 1
| #define HAVE_STDINT_H 1
| #define HAVE_UNISTD_H 1
| #define HAVE_DLFCN_H 1
| #define LT_OBJDIR ".libs/"
| #define HAVE_LIBPTHREAD 1
| #define HAVE_LIBNSL 1
| /* end confdefs.h.  */
| 
| /* Override any GCC internal prototype to avoid an error.
|    Use char because int might match the return type of a GCC
|    builtin and then its argument prototype would still apply.  */
| #ifdef __cplusplus
| extern "C"
| #endif
| char socket ();
| int
| main ()
| {
| return socket ();
|   ;
|   return 0;
| }
configure:14442: result: no
configure:14453: checking for dlopen in -ldl
configure:14478: g++ -o conftest -g -O2   conftest.cpp -ldl  -lnsl -lpthread  >&5
configure:14478: $? = 0
configure:14487: result: yes
configure:14499: checking for socklen_t
configure:14499: g++ -c -g -O2  conftest.cpp >&5
configure:14499: $? = 0
configure:14499: g++ -c -g -O2  conftest.cpp >&5
conftest.cpp: In function 'int main()':
conftest.cpp:62: error: expected primary-expression before ')' token
configure:14499: $? = 1
configure: failed program was:
| /* confdefs.h */
| #define PACKAGE_NAME "popc"
| #define PACKAGE_TARNAME "popc"
| #define PACKAGE_VERSION "1.3"
| #define PACKAGE_STRING "popc 1.3"
| #define PACKAGE_BUGREPORT ""
| #define PACKAGE_URL ""
| #define PACKAGE "popc"
| #define VERSION "1.3"
| #define STDC_HEADERS 1
| #define HAVE_SYS_TYPES_H 1
| #define HAVE_SYS_STAT_H 1
| #define HAVE_STDLIB_H 1
| #define HAVE_STRING_H 1
| #define HAVE_MEMORY_H 1
| #define HAVE_STRINGS_H 1
| #define HAVE_INTTYPES_H 1
| #define HAVE_STDINT_H 1
| #define HAVE_UNISTD_H 1
| #define HAVE_DLFCN_H 1
| #define LT_OBJDIR ".libs/"
| #define HAVE_LIBPTHREAD 1
| #define HAVE_LIBNSL 1
| #define HAVE_LIBDL 1
| /* end confdefs.h.  */
| #include <stdio.h>
| #ifdef HAVE_SYS_TYPES_H
| # include <sys/types.h>
| #endif
| #ifdef HAVE_SYS_STAT_H
| # include <sys/stat.h>
| #endif
| #ifdef STDC_HEADERS
| # include <stdlib.h>
| # include <stddef.h>
| #else
| # ifdef HAVE_STDLIB_H
| #  include <stdlib.h>
| # endif
| #endif
| #ifdef HAVE_STRING_H
| # if !defined STDC_HEADERS && defined HAVE_MEMORY_H
| #  include <memory.h>
| # endif
| # include <string.h>
| #endif
| #ifdef HAVE_STRINGS_H
| # include <strings.h>
| #endif
| #ifdef HAVE_INTTYPES_H
| # include <inttypes.h>
| #endif
| #ifdef HAVE_STDINT_H
| # include <stdint.h>
| #endif
| #ifdef HAVE_UNISTD_H
| # include <unistd.h>
| #endif
| int
| main ()
| {
| if (sizeof ((socklen_t)))
| 	    return 0;
|   ;
|   return 0;
| }
configure:14499: result: yes
configure:14505: checking dynamic linking executable
configure:14521: g++ -o conftest -g -O2   -rdynamic conftest.cpp -ldl -lnsl -lpthread  >&5
configure:14521: $? = 0
configure:14522: result: yes
configure:14755: creating ./config.status

## ---------------- ##
## Cache variables. ##
## ---------------- ##

ac_cv_build=i686-pc-linux-gnu
ac_cv_c_compiler_gnu=yes
ac_cv_cxx_compiler_gnu=yes
ac_cv_env_CCC_set=
ac_cv_env_CCC_value=
ac_cv_env_CC_set=
ac_cv_env_CC_value=
ac_cv_env_CFLAGS_set=
ac_cv_env_CFLAGS_value=
ac_cv_env_CPPFLAGS_set=
ac_cv_env_CPPFLAGS_value=
ac_cv_env_CPP_set=
ac_cv_env_CPP_value=
ac_cv_env_CXXCPP_set=
ac_cv_env_CXXCPP_value=
ac_cv_env_CXXFLAGS_set=
ac_cv_env_CXXFLAGS_value=
ac_cv_env_CXX_set=
ac_cv_env_CXX_value=
ac_cv_env_LDFLAGS_set=
ac_cv_env_LDFLAGS_value=
ac_cv_env_LIBS_set=
ac_cv_env_LIBS_value=
ac_cv_env_YACC_set=
ac_cv_env_YACC_value=
ac_cv_env_YFLAGS_set=
ac_cv_env_YFLAGS_value=
ac_cv_env_build_alias_set=
ac_cv_env_build_alias_value=
ac_cv_env_host_alias_set=
ac_cv_env_host_alias_value=
ac_cv_env_target_alias_set=
ac_cv_env_target_alias_value=
ac_cv_header_dlfcn_h=yes
ac_cv_header_inttypes_h=yes
ac_cv_header_memory_h=yes
ac_cv_header_stdc=yes
ac_cv_header_stdint_h=yes
ac_cv_header_stdlib_h=yes
ac_cv_header_string_h=yes
ac_cv_header_strings_h=yes
ac_cv_header_sys_stat_h=yes
ac_cv_header_sys_types_h=yes
ac_cv_header_unistd_h=yes
ac_cv_host=i686-pc-linux-gnu
ac_cv_lib_dl_dlopen=yes
ac_cv_lib_nsl_gethostbyname=yes
ac_cv_lib_pthread_pthread_create=yes
ac_cv_lib_socket_socket=no
ac_cv_objext=o
ac_cv_path_EGREP='/bin/grep -E'
ac_cv_path_FGREP='/bin/grep -F'
ac_cv_path_GREP=/bin/grep
ac_cv_path_SED=/bin/sed
ac_cv_path_install='/usr/bin/install -c'
ac_cv_path_mkdir=/bin/mkdir
ac_cv_prog_AWK=mawk
ac_cv_prog_CPP='gcc -E'
ac_cv_prog_CXXCPP='g++ -E'
ac_cv_prog_YACC='bison -y'
ac_cv_prog_ac_ct_AR=ar
ac_cv_prog_ac_ct_CC=gcc
ac_cv_prog_ac_ct_CXX=g++
ac_cv_prog_ac_ct_OBJDUMP=objdump
ac_cv_prog_ac_ct_RANLIB=ranlib
ac_cv_prog_ac_ct_STRIP=strip
ac_cv_prog_cc_c89=
ac_cv_prog_cc_g=yes
ac_cv_prog_cxx_g=yes
ac_cv_prog_make_make_set=yes
ac_cv_type_socklen_t=yes
lt_cv_deplibs_check_method=pass_all
lt_cv_file_magic_cmd='$MAGIC_CMD'
lt_cv_file_magic_test_file=
lt_cv_ld_reload_flag=-r
lt_cv_nm_interface='BSD nm'
lt_cv_objdir=.libs
lt_cv_path_LD=/usr/bin/ld
lt_cv_path_LDCXX=/usr/bin/ld
lt_cv_path_NM='/usr/bin/nm -B'
lt_cv_prog_compiler_c_o=yes
lt_cv_prog_compiler_c_o_CXX=yes
lt_cv_prog_compiler_pic_works=yes
lt_cv_prog_compiler_pic_works_CXX=yes
lt_cv_prog_compiler_rtti_exceptions=no
lt_cv_prog_compiler_static_works=yes
lt_cv_prog_compiler_static_works_CXX=yes
lt_cv_prog_gnu_ld=yes
lt_cv_prog_gnu_ldcxx=yes
lt_cv_sys_global_symbol_pipe='sed -n -e '\''s/^.*[	 ]\([ABCDGIRSTW][ABCDGIRSTW]*\)[	 ][	 ]*\([_A-Za-z][_A-Za-z0-9]*\)$/\1 \2 \2/p'\'''
lt_cv_sys_global_symbol_to_c_name_address='sed -n -e '\''s/^: \([^ ]*\) $/  {\"\1\", (void *) 0},/p'\'' -e '\''s/^[ABCDGIRSTW]* \([^ ]*\) \([^ ]*\)$/  {"\2", (void *) \&\2},/p'\'''
lt_cv_sys_global_symbol_to_c_name_address_lib_prefix='sed -n -e '\''s/^: \([^ ]*\) $/  {\"\1\", (void *) 0},/p'\'' -e '\''s/^[ABCDGIRSTW]* \([^ ]*\) \(lib[^ ]*\)$/  {"\2", (void *) \&\2},/p'\'' -e '\''s/^[ABCDGIRSTW]* \([^ ]*\) \([^ ]*\)$/  {"lib\2", (void *) \&\2},/p'\'''
lt_cv_sys_global_symbol_to_cdecl='sed -n -e '\''s/^T .* \(.*\)$/extern int \1();/p'\'' -e '\''s/^[ABCDGIRSTW]* .* \(.*\)$/extern char \1;/p'\'''
lt_cv_sys_max_cmd_len=805306365

## ----------------- ##
## Output variables. ##
## ----------------- ##

ACLOCAL='${SHELL} /media/Data/EIF/Projet_semestre/CD/Sources/POP-C++/popc-1.3s/missing --run aclocal-1.11'
AMTAR='${SHELL} /media/Data/EIF/Projet_semestre/CD/Sources/POP-C++/popc-1.3s/missing --run tar'
AR='ar'
AUTOCONF='${SHELL} /media/Data/EIF/Projet_semestre/CD/Sources/POP-C++/popc-1.3s/missing --run autoconf'
AUTOHEADER='${SHELL} /media/Data/EIF/Projet_semestre/CD/Sources/POP-C++/popc-1.3s/missing --run autoheader'
AUTOMAKE='${SHELL} /media/Data/EIF/Projet_semestre/CD/Sources/POP-C++/popc-1.3s/missing --run automake-1.11'
AWK='mawk'
CC='gcc'
CFLAGS='-g -O2'
CPP='gcc -E'
CPPFLAGS=''
CXX='g++'
CXXCPP='g++ -E'
CXXFLAGS='-g -O2'
CYGPATH_W='echo'
DEFS='-DHAVE_CONFIG_H'
DSYMUTIL=''
DUMPBIN=''
ECHO_C=''
ECHO_N='-n'
ECHO_T=''
EGREP='/bin/grep -E'
EXEEXT=''
FGREP='/bin/grep -F'
GLOBUS_FALSE=''
GLOBUS_TRUE='#'
GREP='/bin/grep'
INSTALL_DATA='${INSTALL} -m 644'
INSTALL_PROGRAM='${INSTALL}'
INSTALL_SCRIPT='${INSTALL}'
INSTALL_STRIP_PROGRAM='$(install_sh) -c -s'
LD='/usr/bin/ld'
LDFLAGS=''
LEX=':'
LEXLIB=''
LEX_OUTPUT_ROOT=''
LIBOBJS=''
LIBS='-ldl -lnsl -lpthread '
LIBTOOL='$(SHELL) $(top_builddir)/libtool'
LINUX_FALSE='#'
LINUX_TRUE=''
LIPO=''
LN_S='ln -s'
LTLIBOBJS=''
MAKEINFO='${SHELL} /media/Data/EIF/Projet_semestre/CD/Sources/POP-C++/popc-1.3s/missing --run makeinfo'
MKDIR_P='/bin/mkdir -p'
MPISUPPORT_FALSE=''
MPISUPPORT_TRUE='#'
NM='/usr/bin/nm -B'
NMEDIT=''
OBJDUMP='objdump'
OBJEXT='o'
OTOOL64=''
OTOOL=''
PACKAGE='popc'
PACKAGE_BUGREPORT=''
PACKAGE_NAME='popc'
PACKAGE_STRING='popc 1.3'
PACKAGE_TARNAME='popc'
PACKAGE_URL=''
PACKAGE_VERSION='1.3'
PATH_SEPARATOR=':'
RANLIB='ranlib'
SED='/bin/sed'
SET_MAKE=''
SHELL='/bin/bash'
STRIP='strip'
VERSION='1.3'
YACC='bison -y'
YFLAGS=''
ac_ct_CC='gcc'
ac_ct_CXX='g++'
ac_ct_DUMPBIN=''
am__EXEEXT_FALSE=''
am__EXEEXT_TRUE='#'
am__isrc=''
am__leading_dot='.'
am__tar='${AMTAR} chof - "$$tardir"'
am__untar='${AMTAR} xf -'
bindir='${exec_prefix}/bin'
build='i686-pc-linux-gnu'
build_alias=''
build_cpu='i686'
build_os='linux-gnu'
build_vendor='pc'
datadir='${datarootdir}'
datarootdir='${prefix}/share'
docdir='${datarootdir}/doc/${PACKAGE_TARNAME}'
dvidir='${docdir}'
exec_prefix='${prefix}'
globusdir=''
globusflavor=''
host='i686-pc-linux-gnu'
host_alias=''
host_cpu='i686'
host_kernel='Linux'
host_os='linux-gnu'
host_vendor='pc'
htmldir='${docdir}'
includedir='${prefix}/include'
infodir='${datarootdir}/info'
install_sh='${SHELL} /media/Data/EIF/Projet_semestre/CD/Sources/POP-C++/popc-1.3s/install-sh'
libdir='${exec_prefix}/lib'
libexecdir='${exec_prefix}/libexec'
localedir='${datarootdir}/locale'
localstatedir='${prefix}/var'
lt_ECHO='echo'
mandir='${datarootdir}/man'
mkdir_p='/bin/mkdir -p'
oldincludedir='/usr/include'
pdfdir='${docdir}'
prefix='/home/clementval/popc'
program_transform_name='s,x,x,'
psdir='${docdir}'
sbindir='${exec_prefix}/sbin'
sharedstatedir='${prefix}/com'
sysconfdir='${prefix}/etc'
target_alias=''

## ----------- ##
## confdefs.h. ##
## ----------- ##

/* confdefs.h */
#define PACKAGE_NAME "popc"
#define PACKAGE_TARNAME "popc"
#define PACKAGE_VERSION "1.3"
#define PACKAGE_STRING "popc 1.3"
#define PACKAGE_BUGREPORT ""
#define PACKAGE_URL ""
#define PACKAGE "popc"
#define VERSION "1.3"
#define STDC_HEADERS 1
#define HAVE_SYS_TYPES_H 1
#define HAVE_SYS_STAT_H 1
#define HAVE_STDLIB_H 1
#define HAVE_STRING_H 1
#define HAVE_MEMORY_H 1
#define HAVE_STRINGS_H 1
#define HAVE_INTTYPES_H 1
#define HAVE_STDINT_H 1
#define HAVE_UNISTD_H 1
#define HAVE_DLFCN_H 1
#define LT_OBJDIR ".libs/"
#define HAVE_LIBPTHREAD 1
#define HAVE_LIBNSL 1
#define HAVE_LIBDL 1
#define POPC_EXTRA_LINK "-rdynamic"

configure: exit 0

## ---------------------- ##
## Running config.status. ##
## ---------------------- ##

This file was extended by popc config.status 1.3, which was
generated by GNU Autoconf 2.64.  Invocation command line was

  CONFIG_FILES    = 
  CONFIG_HEADERS  = 
  CONFIG_LINKS    = 
  CONFIG_COMMANDS = 
  $ ./config.status 

on pasokonclement

config.status:1163: creating parser/popcc.cc
config.status:1163: creating scripts/popcrun
config.status:1163: creating services/popcobjrun
config.status:1163: creating scripts/popc-user-env.sh
config.status:1163: creating scripts/popc-user-env.csh
config.status:1163: creating scripts/popc-runtime-env.in
config.status:1163: creating scripts/popc_setup
config.status:1163: creating globus/popc_setup_globus
config.status:1163: creating scripts/popc_script_setup
config.status:1163: creating Makefile
config.status:1163: creating scripts/Makefile
config.status:1163: creating parser/Makefile
config.status:1163: creating include/Makefile
config.status:1163: creating lib/Makefile
config.status:1163: creating services/Makefile
config.status:1163: creating globus/Makefile
config.status:1163: creating mpi/Makefile
config.status:1163: creating model/Makefile
config.status:1163: creating modules/Makefile
config.status:1163: creating modules/raw-zlib/Makefile
config.status:1163: creating modules/xdr-zlib/Makefile
config.status:1163: creating test/Makefile
config.status:1163: creating test/method/Makefile
config.status:1163: creating test/tree/Makefile
config.status:1163: creating config.h
config.status:1335: config.h is unchanged
config.status:1395: linking lib/debug.cc to parser/debug.cc
config.status:1395: linking lib/utils.cc to parser/utils.cc
config.status:1395: linking lib/jobmgr.ph to include/jobmgr.ph
config.status:1395: linking lib/popc_search_node.cc to include/popc_search_node.ph
config.status:1395: linking lib/codemgr.ph to include/codemgr.ph
config.status:1395: linking lib/remotelog.ph to include/remotelog.ph
config.status:1395: linking lib/appservice.ph to include/appservice.ph
config.status:1395: linking lib/batchmgr.ph to include/batchmgr.ph
config.status:1395: linking lib/objectmonitor.ph to include/objectmonitor.ph
config.status:1395: linking lib/paroc_service_base.ph to include/paroc_service_base.ph
config.status:1414: executing libtool commands

## ---------------------- ##
## Running config.status. ##
## ---------------------- ##

This file was extended by popc config.status 1.3, which was
generated by GNU Autoconf 2.64.  Invocation command line was

  CONFIG_FILES    = 
  CONFIG_HEADERS  = 
  CONFIG_LINKS    = 
  CONFIG_COMMANDS = 
  $ ./config.status config.h

on pasokonclement

config.status:1163: creating config.h
config.status:1335: config.h is unchanged
